<?xml version="1.0" encoding="UTF-8"?>
<!-- Generated by org.testng.reporters.JUnitReportReporter -->
<testsuite hostname="DESKTOP-0FC8C65" failures="0" tests="4" name="com.locallypanda.testcases.homepageTest" time="0.980" errors="0" timestamp="2022-11-09T19:53:19 CST" skipped="0">
  <testcase classname="com.locallypanda.testcases.homepageTest" name="testcheckTitle" time="0.053"/>
  <system-out/>
  <testcase classname="com.locallypanda.testcases.homepageTest" name="testEmailField" time="0.039"/>
  <system-out/>
  <testcase classname="com.locallypanda.testcases.homepageTest" name="testPasswordField" time="0.021"/>
  <system-out/>
  <testcase classname="com.locallypanda.testcases.homepageTest" name="testSignButton" time="0.867"/>
  <system-out/>
</testsuite> <!-- com.locallypanda.testcases.homepageTest -->
